<?xml version="1.0" encoding="UTF-8"?>
<testng-results ignored="0" total="0" passed="0" failed="0" skipped="0">
  <reporter-output>
  </reporter-output>
  <suite started-at="2024-03-15T14:46:16 IST" name="BDD Selenium Java Test Suite" finished-at="2024-03-15T14:46:17 IST" duration-ms="362">
    <groups>
      <group name="cucumber">
        <method signature="AbstractTestNGCucumberTests.runScenario(io.cucumber.testng.PickleWrapper,io.cucumber.testng.FeatureWrapper)[pri:0, instance:TestRunner.Runner@9f116cc]" name="runScenario" class="io.cucumber.testng.AbstractTestNGCucumberTests"/>
      </group> <!-- cucumber -->
    </groups>
    <test started-at="2024-03-15T14:46:16 IST" name="Cucumber Test" finished-at="2024-03-15T14:46:17 IST" duration-ms="362">
      <class name="TestRunner.Runner">
        <test-method is-config="true" signature="setUpClass()[pri:0, instance:TestRunner.Runner@9f116cc]" started-at="2024-03-15T14:46:16 IST" name="setUpClass" finished-at="2024-03-15T14:46:17 IST" duration-ms="336" status="PASS">
          <reporter-output>
          </reporter-output>
        </test-method> <!-- setUpClass -->
        <test-method is-config="true" signature="teardown()[pri:0, instance:TestRunner.Runner@9f116cc]" started-at="2024-03-15T14:46:17 IST" name="teardown" finished-at="2024-03-15T14:46:17 IST" duration-ms="1" status="PASS">
          <reporter-output>
          </reporter-output>
        </test-method> <!-- teardown -->
        <test-method is-config="true" signature="tearDownClass()[pri:0, instance:TestRunner.Runner@9f116cc]" started-at="2024-03-15T14:46:17 IST" name="tearDownClass" finished-at="2024-03-15T14:46:17 IST" duration-ms="2" status="PASS">
          <reporter-output>
          </reporter-output>
        </test-method> <!-- tearDownClass -->
      </class> <!-- TestRunner.Runner -->
    </test> <!-- Cucumber Test -->
  </suite> <!-- BDD Selenium Java Test Suite -->
</testng-results>
